error_log: ---START--- 
  Uncaught IndexSizeError: Failed to execute 'getImageData' on 'CanvasRenderingContext2D': The source width is 0. -----------------end-
Error: Failed to execute 'getImageData' on 'CanvasRenderingContext2D': The source width is 0.
    at CanvasRenderingContext2D.getImageData (<anonymous>)
    at WordCloudLayer._startWithMaskImage (http://mingle-test.local.aidalan.com/manifest.min.js:165298:38)
    at Image.image.onload (http://mingle-test.local.aidalan.com/manifest.min.js:165239:15)  -----------------end-
 http://mingle-test.local.aidalan.com/#/code-generate  -----------------end-
 2020-11-27/17:41:48   
 ---END---
error_log: ---START--- 
  Uncaught IndexSizeError: Failed to execute 'getImageData' on 'CanvasRenderingContext2D': The source width is 0. -----------------end-
Error: Failed to execute 'getImageData' on 'CanvasRenderingContext2D': The source width is 0.
    at CanvasRenderingContext2D.getImageData (<anonymous>)
    at WordCloudLayer._startWithMaskImage (http://mingle-test.local.aidalan.com/manifest.min.js:165298:38)
    at Image.image.onload (http://mingle-test.local.aidalan.com/manifest.min.js:165239:15)  -----------------end-
 http://mingle-test.local.aidalan.com/#/code-generate  -----------------end-
 2020-11-27/17:45:22   
 ---END---
error_log: ---START--- 
  Uncaught IndexSizeError: Failed to execute 'getImageData' on 'CanvasRenderingContext2D': The source width is 0. -----------------end-
Error: Failed to execute 'getImageData' on 'CanvasRenderingContext2D': The source width is 0.
    at CanvasRenderingContext2D.getImageData (<anonymous>)
    at WordCloudLayer._startWithMaskImage (http://mingle-test.local.aidalan.com/manifest.min.js:165298:38)
    at Image.image.onload (http://mingle-test.local.aidalan.com/manifest.min.js:165239:15)  -----------------end-
 http://mingle-test.local.aidalan.com/#/code-generate  -----------------end-
 2020-11-27/17:45:23   
 ---END---
error_log: ---START--- 
  Uncaught IndexSizeError: Failed to execute 'getImageData' on 'CanvasRenderingContext2D': The source width is 0. -----------------end-
Error: Failed to execute 'getImageData' on 'CanvasRenderingContext2D': The source width is 0.
    at CanvasRenderingContext2D.getImageData (<anonymous>)
    at WordCloudLayer._startWithMaskImage (http://mingle-test.local.aidalan.com/manifest.min.js:165298:38)
    at Image.image.onload (http://mingle-test.local.aidalan.com/manifest.min.js:165239:15)  -----------------end-
 http://mingle-test.local.aidalan.com/#/code-generate  -----------------end-
 2020-11-27/17:45:23   
 ---END---
error_log: ---START--- 
  Uncaught IndexSizeError: Failed to execute 'getImageData' on 'CanvasRenderingContext2D': The source width is 0. -----------------end-
Error: Failed to execute 'getImageData' on 'CanvasRenderingContext2D': The source width is 0.
    at CanvasRenderingContext2D.getImageData (<anonymous>)
    at WordCloudLayer._startWithMaskImage (http://mingle-test.local.aidalan.com/manifest.min.js:165298:38)
    at Image.image.onload (http://mingle-test.local.aidalan.com/manifest.min.js:165239:15)  -----------------end-
 http://mingle-test.local.aidalan.com/#/code-generate  -----------------end-
 2020-11-27/17:45:24   
 ---END---
error_log: ---START--- 
  Uncaught IndexSizeError: Failed to execute 'getImageData' on 'CanvasRenderingContext2D': The source width is 0. -----------------end-
Error: Failed to execute 'getImageData' on 'CanvasRenderingContext2D': The source width is 0.
    at CanvasRenderingContext2D.getImageData (<anonymous>)
    at WordCloudLayer._startWithMaskImage (http://mingle-test.local.aidalan.com/manifest.min.js:165298:38)
    at Image.image.onload (http://mingle-test.local.aidalan.com/manifest.min.js:165239:15)  -----------------end-
 http://mingle-test.local.aidalan.com/#/code-generate  -----------------end-
 2020-11-27/17:45:25   
 ---END---
error_log: ---START--- 
  Uncaught IndexSizeError: Failed to execute 'getImageData' on 'CanvasRenderingContext2D': The source width is 0. -----------------end-
Error: Failed to execute 'getImageData' on 'CanvasRenderingContext2D': The source width is 0.
    at CanvasRenderingContext2D.getImageData (<anonymous>)
    at WordCloudLayer._startWithMaskImage (http://mingle-test.local.aidalan.com/manifest.min.js:165298:38)
    at Image.image.onload (http://mingle-test.local.aidalan.com/manifest.min.js:165239:15)  -----------------end-
 http://mingle-test.local.aidalan.com/#/code-generate  -----------------end-
 2020-11-30/18:14:34   
 ---END---
error_log: ---START--- 
  Uncaught IndexSizeError: Failed to execute 'getImageData' on 'CanvasRenderingContext2D': The source width is 0. -----------------end-
Error: Failed to execute 'getImageData' on 'CanvasRenderingContext2D': The source width is 0.
    at CanvasRenderingContext2D.getImageData (<anonymous>)
    at WordCloudLayer._startWithMaskImage (http://mingle-test.local.aidalan.com/manifest.min.js:165298:38)
    at Image.image.onload (http://mingle-test.local.aidalan.com/manifest.min.js:165239:15)  -----------------end-
 http://mingle-test.local.aidalan.com/#/code-generate  -----------------end-
 2020-11-30/18:14:39   
 ---END---
error_log: ---START--- 
  Uncaught IndexSizeError: Failed to execute 'getImageData' on 'CanvasRenderingContext2D': The source width is 0. -----------------end-
Error: Failed to execute 'getImageData' on 'CanvasRenderingContext2D': The source width is 0.
    at CanvasRenderingContext2D.getImageData (<anonymous>)
    at WordCloudLayer._startWithMaskImage (http://mingle-test.local.aidalan.com/manifest.min.js:165298:38)
    at Image.image.onload (http://mingle-test.local.aidalan.com/manifest.min.js:165239:15)  -----------------end-
 http://mingle-test.local.aidalan.com/#/code-generate  -----------------end-
 2020-11-30/18:14:40   
 ---END---
error_log: ---START--- 
  Uncaught IndexSizeError: Failed to execute 'getImageData' on 'CanvasRenderingContext2D': The source width is 0. -----------------end-
Error: Failed to execute 'getImageData' on 'CanvasRenderingContext2D': The source width is 0.
    at CanvasRenderingContext2D.getImageData (<anonymous>)
    at WordCloudLayer._startWithMaskImage (http://mingle-test.local.aidalan.com/manifest.min.js:165298:38)
    at Image.image.onload (http://mingle-test.local.aidalan.com/manifest.min.js:165239:15)  -----------------end-
 http://mingle-test.local.aidalan.com/#/code-generate  -----------------end-
 2020-11-30/18:14:43   
 ---END---
error_log: ---START--- 
  Uncaught TypeError: Cannot read property 'split' of undefined -----------------end-
TypeError: Cannot read property 'split' of undefined
    at Object.parseFields (http://mingle-test.local.aidalan.com/manifest.min.js:131748:16)
    at Interval.Geometry.position (http://mingle-test.local.aidalan.com/manifest.min.js:59144:32)
    at http://mingle-test.local.aidalan.com/manifest.min.js:47284:40
    at http://mingle-test.local.aidalan.com/manifest.min.js:47071:7
    at each (http://mingle-test.local.aidalan.com/manifest.min.js:41012:13)
    at compareProps (http://mingle-test.local.aidalan.com/manifest.min.js:47062:17)
    at GeomHelper.update (http://mingle-test.local.aidalan.com/manifest.min.js:47278:7)
    at IntervalGeom.render (http://mingle-test.local.aidalan.com/manifest.min.js:47355:23)
    at finishClassComponent (http://mingle-test.local.aidalan.com/manifest.min.js:213265:31)
    at updateClassComponent (http://mingle-test.local.aidalan.com/manifest.min.js:213215:24)  -----------------end-
 http://mingle-test.local.aidalan.com/#/test-1  -----------------end-
 2020-11-30/18:17:36   
 ---END---
error_log: ---START--- 
  Uncaught TypeError: Cannot read property 'split' of undefined -----------------end-
TypeError: Cannot read property 'split' of undefined
    at Object.parseFields (http://mingle-test.local.aidalan.com/manifest.min.js:131748:16)
    at Interval.Geometry.position (http://mingle-test.local.aidalan.com/manifest.min.js:59144:32)
    at http://mingle-test.local.aidalan.com/manifest.min.js:47284:40
    at http://mingle-test.local.aidalan.com/manifest.min.js:47071:7
    at each (http://mingle-test.local.aidalan.com/manifest.min.js:41012:13)
    at compareProps (http://mingle-test.local.aidalan.com/manifest.min.js:47062:17)
    at GeomHelper.update (http://mingle-test.local.aidalan.com/manifest.min.js:47278:7)
    at IntervalGeom.render (http://mingle-test.local.aidalan.com/manifest.min.js:47355:23)
    at finishClassComponent (http://mingle-test.local.aidalan.com/manifest.min.js:213265:31)
    at updateClassComponent (http://mingle-test.local.aidalan.com/manifest.min.js:213215:24)  -----------------end-
 http://mingle-test.local.aidalan.com/#/test-1  -----------------end-
 2020-11-30/18:17:36   
 ---END---
error_log: ---START--- 
  Uncaught TypeError: Cannot read property 'split' of undefined -----------------end-
TypeError: Cannot read property 'split' of undefined
    at Object.parseFields (http://mingle-test.local.aidalan.com/manifest.min.js:131748:16)
    at Interval.Geometry.position (http://mingle-test.local.aidalan.com/manifest.min.js:59144:32)
    at http://mingle-test.local.aidalan.com/manifest.min.js:47284:40
    at http://mingle-test.local.aidalan.com/manifest.min.js:47071:7
    at each (http://mingle-test.local.aidalan.com/manifest.min.js:41012:13)
    at compareProps (http://mingle-test.local.aidalan.com/manifest.min.js:47062:17)
    at GeomHelper.update (http://mingle-test.local.aidalan.com/manifest.min.js:47278:7)
    at IntervalGeom.render (http://mingle-test.local.aidalan.com/manifest.min.js:47355:23)
    at finishClassComponent (http://mingle-test.local.aidalan.com/manifest.min.js:213265:31)
    at updateClassComponent (http://mingle-test.local.aidalan.com/manifest.min.js:213215:24)  -----------------end-
 http://mingle-test.local.aidalan.com/#/test-1  -----------------end-
 2020-11-30/18:17:57   
 ---END---
error_log: ---START--- 
  Uncaught TypeError: Cannot read property 'split' of undefined -----------------end-
TypeError: Cannot read property 'split' of undefined
    at Object.parseFields (http://mingle-test.local.aidalan.com/manifest.min.js:131748:16)
    at Interval.Geometry.position (http://mingle-test.local.aidalan.com/manifest.min.js:59144:32)
    at http://mingle-test.local.aidalan.com/manifest.min.js:47284:40
    at http://mingle-test.local.aidalan.com/manifest.min.js:47071:7
    at each (http://mingle-test.local.aidalan.com/manifest.min.js:41012:13)
    at compareProps (http://mingle-test.local.aidalan.com/manifest.min.js:47062:17)
    at GeomHelper.update (http://mingle-test.local.aidalan.com/manifest.min.js:47278:7)
    at IntervalGeom.render (http://mingle-test.local.aidalan.com/manifest.min.js:47355:23)
    at finishClassComponent (http://mingle-test.local.aidalan.com/manifest.min.js:213265:31)
    at updateClassComponent (http://mingle-test.local.aidalan.com/manifest.min.js:213215:24)  -----------------end-
 http://mingle-test.local.aidalan.com/#/test-1  -----------------end-
 2020-11-30/18:17:57   
 ---END---
